{"contracts\\EcoSolidToken.sol":{"l":{"28":0,"31":0,"34":0},"path":"C:\\Users\\Prof Wangles\\Documents\\WEB 3.0\\EcoSolid\\blockchain\\contracts\\EcoSolidToken.sol","s":{"1":0,"2":0,"3":0},"b":{"1":[0,0]},"f":{"1":0,"2":0},"fnMap":{"1":{"name":"constructor","line":18,"loc":{"start":{"line":18,"column":4},"end":{"line":18,"column":66}}},"2":{"name":"mintImpactReward","line":26,"loc":{"start":{"line":26,"column":4},"end":{"line":35,"column":4}}}},"statementMap":{"1":{"start":{"line":28,"column":8},"end":{"line":28,"column":62}},"2":{"start":{"line":31,"column":8},"end":{"line":31,"column":36}},"3":{"start":{"line":34,"column":8},"end":{"line":34,"column":63}}},"branchMap":{"1":{"line":26,"type":"if","locations":[{"start":{"line":26,"column":93},"end":{"line":26,"column":93}},{"start":{"line":26,"column":93},"end":{"line":26,"column":93}}]}}}}